<?xml version="1.0" encoding="UTF-8"?>
<!-- Generated by org.testng.reporters.JUnitReportReporter -->
<testsuite hostname="LAPTOP-79EJMJP9" failures="0" tests="5" name="Extend_report.test1" time="0.047" errors="0" timestamp="2023-09-29T15:18:17 IST" skipped="0">
  <testcase classname="Extend_report.test1" name="f4" time="0.002"/>
  <testcase classname="Extend_report.test1" name="f2" time="0.002"/>
  <testcase classname="Extend_report.test1" name="f3" time="0.014"/>
  <testcase classname="Extend_report.test1" name="f5" time="0.002"/>
  <testcase classname="Extend_report.test1" name="f1" time="0.027"/>
</testsuite> <!-- Extend_report.test1 -->
